16:38:04 | INFO     | Loaded 1757 existing rows from combined_news.csv
16:38:05 | WARNING  | GDELT 429 for AAPL (attempt 1) — sleeping 15s
16:38:23 | INFO     | [  1/100] AAPL    250 articles  (running: 250)
16:38:49 | INFO     | [  2/100] MSFT    250 articles  (running: 500)
16:39:05 | WARNING  | GDELT 429 for NVDA (attempt 1) — sleeping 15s
16:39:21 | WARNING  | GDELT 429 for NVDA (attempt 2) — sleeping 30s
16:39:53 | INFO     | [  3/100] NVDA    250 articles  (running: 750)
16:40:12 | INFO     | [  4/100] GOOGL   250 articles  (running: 1000)
16:40:28 | WARNING  | GDELT 429 for META (attempt 1) — sleeping 15s
16:40:44 | WARNING  | GDELT 429 for META (attempt 2) — sleeping 30s
16:41:17 | INFO     | [  5/100] META    250 articles  (running: 1250)
16:41:33 | WARNING  | GDELT 429 for AMZN (attempt 1) — sleeping 15s
16:41:48 | WARNING  | GDELT 429 for AMZN (attempt 2) — sleeping 30s
16:42:19 | WARNING  | GDELT 429 for AMZN (attempt 3) — sleeping 45s
16:43:04 | WARNING  | GDELT: all retries exhausted for AMZN
16:43:04 | INFO     | [  6/100] AMZN      0 articles  (running: 1250)
16:43:20 | WARNING  | GDELT 429 for TSLA (attempt 1) — sleeping 15s
16:43:35 | WARNING  | GDELT 429 for TSLA (attempt 2) — sleeping 30s
16:44:06 | WARNING  | GDELT 429 for TSLA (attempt 3) — sleeping 45s
16:44:51 | WARNING  | GDELT: all retries exhausted for TSLA
16:44:51 | INFO     | [  7/100] TSLA      0 articles  (running: 1250)
16:45:09 | WARNING  | GDELT 429 for AVGO (attempt 1) — sleeping 15s
16:45:25 | WARNING  | GDELT 429 for AVGO (attempt 2) — sleeping 30s
16:45:56 | WARNING  | GDELT 429 for AVGO (attempt 3) — sleeping 45s
16:46:41 | WARNING  | GDELT: all retries exhausted for AVGO
16:46:41 | INFO     | [  8/100] AVGO      0 articles  (running: 1250)
16:46:57 | WARNING  | GDELT 429 for AMD (attempt 1) — sleeping 15s
16:47:14 | WARNING  | GDELT 429 for AMD (attempt 2) — sleeping 30s
16:47:53 | INFO     | [  9/100] AMD     250 articles  (running: 1500)
16:48:09 | WARNING  | GDELT 429 for ORCL (attempt 1) — sleeping 15s
16:48:31 | INFO     | [ 10/100] ORCL    250 articles  (running: 1750)
16:48:46 | WARNING  | GDELT 429 for CRM (attempt 1) — sleeping 15s
16:49:11 | INFO     | [ 11/100] CRM     250 articles  (running: 2000)
16:49:30 | INFO     | [ 12/100] ADBE    250 articles  (running: 2250)
16:49:46 | WARNING  | GDELT 429 for INTC (attempt 1) — sleeping 15s
16:50:03 | WARNING  | GDELT 429 for INTC (attempt 2) — sleeping 30s
16:50:33 | WARNING  | GDELT 429 for INTC (attempt 3) — sleeping 45s
16:51:18 | WARNING  | GDELT: all retries exhausted for INTC
16:51:18 | INFO     | [ 13/100] INTC      0 articles  (running: 2250)
16:51:34 | WARNING  | GDELT 429 for QCOM (attempt 1) — sleeping 15s
16:52:02 | INFO     | [ 14/100] QCOM    250 articles  (running: 2500)
16:52:17 | WARNING  | GDELT 429 for TXN (attempt 1) — sleeping 15s
16:52:43 | INFO     | [ 15/100] TXN     250 articles  (running: 2750)
16:53:06 | INFO     | [ 16/100] IBM     250 articles  (running: 3000)
16:53:22 | WARNING  | GDELT 429 for NOW (attempt 1) — sleeping 15s
16:53:38 | WARNING  | GDELT 429 for NOW (attempt 2) — sleeping 30s
16:54:09 | WARNING  | GDELT 429 for NOW (attempt 3) — sleeping 45s
16:54:54 | WARNING  | GDELT: all retries exhausted for NOW
16:54:54 | INFO     | [ 17/100] NOW       0 articles  (running: 3000)
16:55:14 | INFO     | [ 18/100] AMAT    249 articles  (running: 3249)
16:55:30 | WARNING  | GDELT 429 for MU (attempt 1) — sleeping 15s
16:55:46 | WARNING  | GDELT 429 for MU (attempt 2) — sleeping 30s
16:56:21 | INFO     | [ 19/100] MU      250 articles  (running: 3499)
16:56:37 | WARNING  | GDELT 429 for LRCX (attempt 1) — sleeping 15s
16:56:52 | WARNING  | GDELT 429 for LRCX (attempt 2) — sleeping 30s
16:57:29 | INFO     | [ 20/100] LRCX    250 articles  (running: 3749)
16:57:48 | INFO     | [ 21/100] JPM     250 articles  (running: 3999)
16:58:04 | WARNING  | GDELT 429 for BAC (attempt 1) — sleeping 15s
16:58:20 | WARNING  | GDELT request failed for BAC: Expecting value: line 1 column 1 (char 0)
16:58:20 | INFO     | [ 22/100] BAC       0 articles  (running: 3999)
16:58:37 | INFO     | [ 23/100] GS      250 articles  (running: 4249)
16:58:58 | INFO     | [ 24/100] WFC     250 articles  (running: 4499)
16:59:14 | WARNING  | GDELT 429 for C (attempt 1) — sleeping 15s
16:59:30 | WARNING  | GDELT 429 for C (attempt 2) — sleeping 30s
17:00:02 | WARNING  | GDELT 429 for C (attempt 3) — sleeping 45s
17:00:47 | WARNING  | GDELT: all retries exhausted for C
17:00:47 | INFO     | [ 25/100] C         0 articles  (running: 4499)
17:01:03 | WARNING  | GDELT 429 for MS (attempt 1) — sleeping 15s
17:01:22 | INFO     | [ 26/100] MS      250 articles  (running: 4749)
17:01:37 | WARNING  | GDELT 429 for BLK (attempt 1) — sleeping 15s
17:02:01 | INFO     | [ 27/100] BLK     250 articles  (running: 4999)
17:02:17 | WARNING  | GDELT 429 for SCHW (attempt 1) — sleeping 15s
17:02:33 | WARNING  | GDELT 429 for SCHW (attempt 2) — sleeping 30s
17:03:05 | WARNING  | GDELT 429 for SCHW (attempt 3) — sleeping 45s
17:03:50 | WARNING  | GDELT: all retries exhausted for SCHW
17:03:50 | INFO     | [ 28/100] SCHW      0 articles  (running: 4999)
17:04:08 | WARNING  | GDELT 429 for AXP (attempt 1) — sleeping 15s
17:04:23 | WARNING  | GDELT 429 for AXP (attempt 2) — sleeping 30s
17:04:54 | WARNING  | GDELT 429 for AXP (attempt 3) — sleeping 45s
17:05:39 | WARNING  | GDELT: all retries exhausted for AXP
17:05:39 | INFO     | [ 29/100] AXP       0 articles  (running: 4999)
17:05:55 | WARNING  | GDELT 429 for USB (attempt 1) — sleeping 15s
17:06:11 | WARNING  | GDELT request failed for USB: Expecting value: line 1 column 1 (char 0)
17:06:11 | INFO     | [ 30/100] USB       0 articles  (running: 4999)
17:06:26 | WARNING  | GDELT 429 for PNC (attempt 1) — sleeping 15s
17:06:46 | INFO     | [ 31/100] PNC     250 articles  (running: 5249)
17:07:03 | WARNING  | GDELT 429 for COF (attempt 1) — sleeping 15s
17:07:21 | INFO     | [ 32/100] COF     250 articles  (running: 5499)
17:07:37 | WARNING  | GDELT 429 for MET (attempt 1) — sleeping 15s
17:07:53 | WARNING  | GDELT 429 for MET (attempt 2) — sleeping 30s
17:08:23 | WARNING  | GDELT 429 for MET (attempt 3) — sleeping 45s
17:09:08 | WARNING  | GDELT: all retries exhausted for MET
17:09:08 | INFO     | [ 33/100] MET       0 articles  (running: 5499)
17:09:31 | INFO     | [ 34/100] PRU     250 articles  (running: 5749)
17:09:52 | INFO     | [ 35/100] TFC     250 articles  (running: 5999)
17:10:09 | WARNING  | GDELT 429 for UNH (attempt 1) — sleeping 15s
17:10:25 | WARNING  | GDELT 429 for UNH (attempt 2) — sleeping 30s
17:11:03 | INFO     | [ 36/100] UNH     250 articles  (running: 6249)
17:11:19 | WARNING  | GDELT 429 for JNJ (attempt 1) — sleeping 15s
17:11:38 | INFO     | [ 37/100] JNJ     250 articles  (running: 6499)
17:11:59 | INFO     | [ 38/100] LLY     250 articles  (running: 6749)
17:12:19 | INFO     | [ 39/100] ABBV    250 articles  (running: 6999)
17:12:34 | WARNING  | GDELT 429 for PFE (attempt 1) — sleeping 15s
17:12:54 | INFO     | [ 40/100] PFE     250 articles  (running: 7249)
17:13:14 | INFO     | [ 41/100] MRK     250 articles  (running: 7499)
17:13:37 | INFO     | [ 42/100] TMO     250 articles  (running: 7749)
17:13:53 | WARNING  | GDELT 429 for MDT (attempt 1) — sleeping 15s
17:14:09 | WARNING  | GDELT 429 for MDT (attempt 2) — sleeping 30s
17:14:40 | WARNING  | GDELT 429 for MDT (attempt 3) — sleeping 45s
17:15:25 | WARNING  | GDELT: all retries exhausted for MDT
17:15:25 | INFO     | [ 43/100] MDT       0 articles  (running: 7749)
17:15:41 | WARNING  | GDELT 429 for AMGN (attempt 1) — sleeping 15s
17:16:04 | INFO     | [ 44/100] AMGN    250 articles  (running: 7999)
17:16:20 | WARNING  | GDELT 429 for BMY (attempt 1) — sleeping 15s
17:16:42 | INFO     | [ 45/100] BMY     250 articles  (running: 8249)
17:17:05 | INFO     | [ 46/100] GILD    250 articles  (running: 8499)
17:17:20 | WARNING  | GDELT 429 for CVS (attempt 1) — sleeping 15s
17:17:36 | WARNING  | GDELT 429 for CVS (attempt 2) — sleeping 30s
17:18:08 | WARNING  | GDELT 429 for CVS (attempt 3) — sleeping 45s
17:18:53 | WARNING  | GDELT: all retries exhausted for CVS
17:18:53 | INFO     | [ 47/100] CVS       0 articles  (running: 8499)
17:19:14 | INFO     | [ 48/100] PG      250 articles  (running: 8749)
17:19:29 | WARNING  | GDELT 429 for KO (attempt 1) — sleeping 15s
17:19:45 | WARNING  | GDELT 429 for KO (attempt 2) — sleeping 30s
17:20:17 | WARNING  | GDELT request failed for KO: Expecting value: line 1 column 1 (char 0)
17:20:17 | INFO     | [ 49/100] KO        0 articles  (running: 8749)
17:20:32 | WARNING  | GDELT 429 for PEP (attempt 1) — sleeping 15s
17:20:48 | WARNING  | GDELT 429 for PEP (attempt 2) — sleeping 30s
17:21:19 | WARNING  | GDELT 429 for PEP (attempt 3) — sleeping 45s
17:22:04 | WARNING  | GDELT: all retries exhausted for PEP
17:22:04 | INFO     | [ 50/100] PEP       0 articles  (running: 8749)
17:22:20 | WARNING  | GDELT 429 for WMT (attempt 1) — sleeping 15s
17:22:36 | WARNING  | GDELT 429 for WMT (attempt 2) — sleeping 30s
17:23:10 | INFO     | [ 51/100] WMT     250 articles  (running: 8999)
17:23:28 | INFO     | [ 52/100] COST    250 articles  (running: 9249)
17:23:44 | WARNING  | GDELT 429 for MCD (attempt 1) — sleeping 15s
17:23:59 | WARNING  | GDELT 429 for MCD (attempt 2) — sleeping 30s
17:24:34 | INFO     | [ 53/100] MCD     250 articles  (running: 9499)
17:24:52 | INFO     | [ 54/100] SBUX    250 articles  (running: 9749)
17:25:08 | WARNING  | GDELT 429 for PM (attempt 1) — sleeping 15s
17:25:24 | WARNING  | GDELT 429 for PM (attempt 2) — sleeping 30s
17:25:54 | WARNING  | GDELT 429 for PM (attempt 3) — sleeping 45s
17:26:39 | WARNING  | GDELT: all retries exhausted for PM
17:26:39 | INFO     | [ 55/100] PM        0 articles  (running: 9749)
17:27:00 | INFO     | [ 56/100] HD      250 articles  (running: 9999)
17:27:16 | WARNING  | GDELT 429 for NKE (attempt 1) — sleeping 15s
17:27:36 | INFO     | [ 57/100] NKE     250 articles  (running: 10249)
17:27:52 | WARNING  | GDELT 429 for TGT (attempt 1) — sleeping 15s
17:28:20 | INFO     | [ 58/100] TGT     250 articles  (running: 10499)
17:28:38 | INFO     | [ 59/100] F       250 articles  (running: 10749)
17:28:54 | WARNING  | GDELT 429 for GM (attempt 1) — sleeping 15s
17:29:10 | WARNING  | GDELT 429 for GM (attempt 2) — sleeping 30s
17:29:43 | INFO     | [ 60/100] GM      250 articles  (running: 10999)
17:29:59 | WARNING  | GDELT 429 for LOW (attempt 1) — sleeping 15s
17:30:18 | WARNING  | GDELT 429 for LOW (attempt 2) — sleeping 30s
17:30:50 | WARNING  | GDELT 429 for LOW (attempt 3) — sleeping 45s
17:31:35 | WARNING  | GDELT: all retries exhausted for LOW
17:31:35 | INFO     | [ 61/100] LOW       0 articles  (running: 10999)
17:31:56 | INFO     | [ 62/100] BKNG    250 articles  (running: 11249)
17:32:18 | INFO     | [ 63/100] XOM     250 articles  (running: 11499)
17:32:44 | INFO     | [ 64/100] CVX     250 articles  (running: 11749)
17:33:00 | WARNING  | GDELT 429 for COP (attempt 1) — sleeping 15s
17:33:16 | WARNING  | GDELT 429 for COP (attempt 2) — sleeping 30s
17:33:47 | WARNING  | GDELT 429 for COP (attempt 3) — sleeping 45s
17:34:32 | WARNING  | GDELT: all retries exhausted for COP
17:34:32 | INFO     | [ 65/100] COP       0 articles  (running: 11749)
17:34:48 | WARNING  | GDELT 429 for SLB (attempt 1) — sleeping 15s
17:35:05 | WARNING  | GDELT 429 for SLB (attempt 2) — sleeping 30s
17:35:36 | WARNING  | GDELT 429 for SLB (attempt 3) — sleeping 45s
17:36:21 | WARNING  | GDELT: all retries exhausted for SLB
17:36:21 | INFO     | [ 66/100] SLB       0 articles  (running: 11749)
17:36:37 | WARNING  | GDELT 429 for EOG (attempt 1) — sleeping 15s
17:37:02 | INFO     | [ 67/100] EOG     124 articles  (running: 11873)
17:37:18 | WARNING  | GDELT 429 for PSX (attempt 1) — sleeping 15s
17:37:33 | WARNING  | GDELT request failed for PSX: Expecting value: line 1 column 1 (char 0)
17:37:33 | INFO     | [ 68/100] PSX       0 articles  (running: 11873)
17:37:51 | INFO     | [ 69/100] VLO     250 articles  (running: 12123)
17:38:07 | WARNING  | GDELT 429 for OXY (attempt 1) — sleeping 15s
17:38:23 | WARNING  | GDELT 429 for OXY (attempt 2) — sleeping 30s
17:38:54 | WARNING  | GDELT 429 for OXY (attempt 3) — sleeping 45s
17:39:39 | WARNING  | GDELT: all retries exhausted for OXY
17:39:39 | INFO     | [ 70/100] OXY       0 articles  (running: 12123)
17:39:55 | WARNING  | GDELT 429 for CAT (attempt 1) — sleeping 15s
17:40:10 | WARNING  | GDELT 429 for CAT (attempt 2) — sleeping 30s
17:40:41 | WARNING  | GDELT 429 for CAT (attempt 3) — sleeping 45s
17:41:26 | WARNING  | GDELT: all retries exhausted for CAT
17:41:26 | INFO     | [ 71/100] CAT       0 articles  (running: 12123)
17:41:53 | INFO     | [ 72/100] HON     250 articles  (running: 12373)
17:42:08 | WARNING  | GDELT 429 for UPS (attempt 1) — sleeping 15s
17:42:28 | INFO     | [ 73/100] UPS     250 articles  (running: 12623)
17:42:44 | WARNING  | GDELT 429 for BA (attempt 1) — sleeping 15s
17:42:59 | WARNING  | GDELT 429 for BA (attempt 2) — sleeping 30s
17:43:36 | INFO     | [ 74/100] BA      250 articles  (running: 12873)
17:43:52 | WARNING  | GDELT 429 for GE (attempt 1) — sleeping 15s
17:44:07 | WARNING  | GDELT request failed for GE: Expecting value: line 1 column 1 (char 0)
17:44:07 | INFO     | [ 75/100] GE        0 articles  (running: 12873)
17:44:31 | INFO     | [ 76/100] MMM     249 articles  (running: 13122)
17:44:52 | INFO     | [ 77/100] LMT     250 articles  (running: 13372)
17:45:09 | WARNING  | GDELT 429 for RTX (attempt 1) — sleeping 15s
17:45:34 | INFO     | [ 78/100] RTX     250 articles  (running: 13622)
17:45:51 | WARNING  | GDELT 429 for DE (attempt 1) — sleeping 15s
17:46:07 | WARNING  | GDELT 429 for DE (attempt 2) — sleeping 30s
17:46:38 | WARNING  | GDELT 429 for DE (attempt 3) — sleeping 45s
17:47:23 | WARNING  | GDELT: all retries exhausted for DE
17:47:23 | INFO     | [ 79/100] DE        0 articles  (running: 13622)
17:47:39 | WARNING  | GDELT 429 for EMR (attempt 1) — sleeping 15s
17:47:56 | WARNING  | GDELT 429 for EMR (attempt 2) — sleeping 30s
17:48:30 | INFO     | [ 80/100] EMR     200 articles  (running: 13822)
17:48:47 | WARNING  | GDELT request failed for T: Expecting value: line 1 column 1 (char 0)
17:48:47 | INFO     | [ 81/100] T         0 articles  (running: 13822)
17:49:03 | WARNING  | GDELT 429 for VZ (attempt 1) — sleeping 15s
17:49:20 | WARNING  | GDELT 429 for VZ (attempt 2) — sleeping 30s
17:49:51 | WARNING  | GDELT 429 for VZ (attempt 3) — sleeping 45s
17:50:36 | WARNING  | GDELT: all retries exhausted for VZ
17:50:36 | INFO     | [ 82/100] VZ        0 articles  (running: 13822)
17:50:55 | INFO     | [ 83/100] CMCSA   249 articles  (running: 14071)
17:51:11 | WARNING  | GDELT 429 for NFLX (attempt 1) — sleeping 15s
17:51:28 | WARNING  | GDELT 429 for NFLX (attempt 2) — sleeping 30s
17:52:14 | INFO     | [ 84/100] NFLX    250 articles  (running: 14321)
17:52:37 | INFO     | [ 85/100] DIS     250 articles  (running: 14571)
17:53:00 | INFO     | [ 86/100] CHTR    250 articles  (running: 14821)
17:53:17 | WARNING  | GDELT 429 for FOXA (attempt 1) — sleeping 15s
17:53:41 | INFO     | [ 87/100] FOXA    250 articles  (running: 15071)
17:54:01 | INFO     | [ 88/100] LIN     250 articles  (running: 15321)
17:54:17 | WARNING  | GDELT request failed for SHW: Expecting value: line 1 column 1 (char 0)
17:54:17 | INFO     | [ 89/100] SHW       0 articles  (running: 15321)
17:54:40 | INFO     | [ 90/100] APD     250 articles  (running: 15571)
17:54:56 | WARNING  | GDELT 429 for FCX (attempt 1) — sleeping 15s
17:55:13 | WARNING  | GDELT 429 for FCX (attempt 2) — sleeping 30s
17:55:54 | INFO     | [ 91/100] FCX     250 articles  (running: 15821)
17:56:10 | WARNING  | GDELT 429 for NEM (attempt 1) — sleeping 15s
17:56:32 | INFO     | [ 92/100] NEM     250 articles  (running: 16071)
17:56:57 | INFO     | [ 93/100] PLD     250 articles  (running: 16321)
17:57:19 | INFO     | [ 94/100] AMT     250 articles  (running: 16571)
17:57:48 | INFO     | [ 95/100] CCI     250 articles  (running: 16821)
17:58:05 | WARNING  | GDELT 429 for EQIX (attempt 1) — sleeping 15s
17:58:21 | WARNING  | GDELT 429 for EQIX (attempt 2) — sleeping 30s
19:08:31 | WARNING  | GDELT request failed for EQIX: ('Connection aborted.', ConnectionResetError(10054, 'An existing connection was forcibly closed by the remote host', None, 10054, None))
19:08:31 | INFO     | [ 96/100] EQIX      0 articles  (running: 16821)
19:08:50 | INFO     | [ 97/100] NEE     249 articles  (running: 17070)
19:09:08 | INFO     | [ 98/100] DUK     250 articles  (running: 17320)
19:09:31 | INFO     | [ 99/100] SO      250 articles  (running: 17570)
19:09:52 | INFO     | [100/100] AEP     250 articles  (running: 17820)

  GDELT Historical Fetch
  Timespan  : 1year
  Max/ticker: 250
  Tickers   : 100
  Sleep/req : 15.0s
  Est. time : ~25.0 minutes
  Est. total: up to 25,000 articles


============================================================
  GDELT Fetch Complete
============================================================
  New articles fetched     : 17,820
  Duplicates removed       : 2,710
  Total in combined_news   : 16,867
  Tickers with data        : 100
  Date range               : 2019-12-02 -> 2026-03-10
  Median headlines/ticker  : 218
  Min headlines/ticker     : 10
  Max headlines/ticker     : 371

  Source breakdown:
    gdelt                15,193
    yahoo_finance         1,081
    sec_edgar               374
    fnspid                  145
    nyt                      46
    guardian                 16
    economic_times           11
    china_daily               1

  Next step: python test_11_whites_reality_check.py --boot 2000

